<?xml version="1.0" encoding="UTF-8"?>
<?xml-stylesheet type="text/xsl" href="junit.xsl"?>
<testsuites>
  <meta_test_info page_active="no-links" link_url=""/>
  <testsuite name="tests" tests="1" errors="1" failures="0" skip="0" pending="0" total="1" time="0.005452">
    <properties>
[...]
</properties>
    <testcase classname="acceptance" name="class_spec.rb" time="0.004740">
      <failure type="error" message="cannot load such file -- spec_helper_acceptance"><![CDATA[acceptance/class_spec.rb:1:in `require'\nacceptance/class_spec.rb:1:in `block in run_test'\n/usr/local/lib/ruby/gems/2.2.0/gems/beaker-2.31.0/lib/beaker/test_case.rb:128:in `eval'\n/usr/local/lib/ruby/gems/2.2.0/gems/beaker-2.31.0/lib/beaker/test_case.rb:128:in `block in run_test'\n/usr/local/Cellar/ruby/2.2.3/lib/ruby/2.2.0/benchmark.rb:303:in `realtime'\n/usr/local/lib/ruby/gems/2.2.0/gems/beaker-2.31.0/lib/beaker/test_case.rb:125:in `run_test'\n/usr/local/lib/ruby/gems/2.2.0/gems/beaker-2.31.0/lib/beaker/test_suite.rb:311:in `block in run'\n/usr/local/lib/ruby/gems/2.2.0/gems/beaker-2.31.0/lib/beaker/test_suite.rb:308:in `each'\n/usr/local/lib/ruby/gems/2.2.0/gems/beaker-2.31.0/lib/beaker/test_suite.rb:308:in `run'\n/usr/local/lib/ruby/gems/2.2.0/gems/beaker-2.31.0/lib/beaker/test_suite.rb:357:in `run_and_raise_on_failure'\n/usr/local/lib/ruby/gems/2.2.0/gems/beaker-2.31.0/lib/beaker/cli.rb:159:in `run_suite'\n/usr/local/lib/ruby/gems/2.2.0/gems/beaker-2.31.0/lib/beaker/cli.rb:99:in `execute!'\n/usr/local/lib/ruby/gems/2.2.0/gems/beaker-2.31.0/bin/beaker:6:in `<top (required)>'\n/usr/local/bin/beaker:23:in `load'\n/usr/local/bin/beaker:23:in `<main>']]></failure>
      <system-out><![CDATA[LoadError: cannot load such file -- spec_helper_acceptance
/Users/mcadorette/git/ntp/spec/acceptance/class_spec.rb:1
/Users/mcadorette/git/ntp/spec/acceptance/class_spec.rb:1
/usr/local/lib/ruby/gems/2.2.0/gems/beaker-2.31.0/lib/beaker/test_case.rb:128
/usr/local/lib/ruby/gems/2.2.0/gems/beaker-2.31.0/lib/beaker/test_case.rb:128
/usr/local/Cellar/ruby/2.2.3/lib/ruby/2.2.0/benchmark.rb:303
/usr/local/lib/ruby/gems/2.2.0/gems/beaker-2.31.0/lib/beaker/test_case.rb:125
/usr/local/lib/ruby/gems/2.2.0/gems/beaker-2.31.0/lib/beaker/test_suite.rb:311
/usr/local/lib/ruby/gems/2.2.0/gems/beaker-2.31.0/lib/beaker/test_suite.rb:308
/usr/local/lib/ruby/gems/2.2.0/gems/beaker-2.31.0/lib/beaker/test_suite.rb:308
/usr/local/lib/ruby/gems/2.2.0/gems/beaker-2.31.0/lib/beaker/test_suite.rb:357
/usr/local/lib/ruby/gems/2.2.0/gems/beaker-2.31.0/lib/beaker/cli.rb:159
/usr/local/lib/ruby/gems/2.2.0/gems/beaker-2.31.0/lib/beaker/cli.rb:99
/usr/local/lib/ruby/gems/2.2.0/gems/beaker-2.31.0/bin/beaker:6
/usr/local/bin/beaker:23
/usr/local/bin/beaker:23
]]></system-out>
    </testcase>
  </testsuite>
</testsuites>
